0 info it worked if it ends with ok
1 verbose cli [ '/Users/roniel.romero/.nvm/versions/node/v6.12.3/bin/node',
1 verbose cli   '/Users/roniel.romero/.nvm/versions/node/v6.12.3/bin/npm',
1 verbose cli   'run',
1 verbose cli   'build' ]
2 info using npm@3.10.10
3 info using node@v6.12.3
4 verbose run-script [ 'prebuild', 'build', 'postbuild' ]
5 info lifecycle todos-fullstack-core@1.0.0~prebuild: todos-fullstack-core@1.0.0
6 silly lifecycle todos-fullstack-core@1.0.0~prebuild: no script for prebuild, continuing
7 info lifecycle todos-fullstack-core@1.0.0~build: todos-fullstack-core@1.0.0
8 verbose lifecycle todos-fullstack-core@1.0.0~build: unsafe-perm in lifecycle true
9 verbose lifecycle todos-fullstack-core@1.0.0~build: PATH: /Users/roniel.romero/.nvm/versions/node/v6.12.3/lib/node_modules/npm/bin/node-gyp-bin:/Users/roniel.romero/Source/todos-fullstack/core/node_modules/.bin:/Users/roniel.romero/Library/Python/3.7/lib/python/site-packages:/Users/roniel.romero/.jenv/bin:/Users/roniel.romero/.jenv/shims:/usr/local/bin/mvn/bin:/Users/roniel.romero/.nvm/versions/node/v6.12.3/bin:/Users/roniel.romero/bin:/usr/local/bin:/usr/bin:/bin:/usr/sbin:/sbin
10 verbose lifecycle todos-fullstack-core@1.0.0~build: CWD: /Users/roniel.romero/Source/todos-fullstack/core
11 silly lifecycle todos-fullstack-core@1.0.0~build: Args: [ '-c', 'rm -rf ./dist; tsc' ]
12 info lifecycle todos-fullstack-core@1.0.0~build: Failed to exec build script
13 verbose stack Error: todos-fullstack-core@1.0.0 build: `rm -rf ./dist; tsc`
13 verbose stack spawn ENOENT
13 verbose stack     at ChildProcess.<anonymous> (/Users/roniel.romero/.nvm/versions/node/v6.12.3/lib/node_modules/npm/lib/utils/spawn.js:33:16)
13 verbose stack     at emitTwo (events.js:106:13)
13 verbose stack     at ChildProcess.emit (events.js:191:7)
13 verbose stack     at maybeClose (internal/child_process.js:920:16)
13 verbose stack     at Process.ChildProcess._handle.onexit (internal/child_process.js:230:5)
14 verbose pkgid todos-fullstack-core@1.0.0
15 verbose cwd /Users/roniel.romero/Source/todos-fullstack/core
16 error Darwin 18.2.0
17 error argv "/Users/roniel.romero/.nvm/versions/node/v6.12.3/bin/node" "/Users/roniel.romero/.nvm/versions/node/v6.12.3/bin/npm" "run" "build"
18 error node v6.12.3
19 error npm  v3.10.10
20 error file sh
21 error code ELIFECYCLE
22 error errno ENOENT
23 error syscall spawn
24 error todos-fullstack-core@1.0.0 build: `rm -rf ./dist; tsc`
24 error spawn ENOENT
25 error Failed at the todos-fullstack-core@1.0.0 build script 'rm -rf ./dist; tsc'.
25 error Make sure you have the latest version of node.js and npm installed.
25 error If you do, this is most likely a problem with the todos-fullstack-core package,
25 error not with npm itself.
25 error Tell the author that this fails on your system:
25 error     rm -rf ./dist; tsc
25 error You can get information on how to open an issue for this project with:
25 error     npm bugs todos-fullstack-core
25 error Or if that isn't available, you can get their info via:
25 error     npm owner ls todos-fullstack-core
25 error There is likely additional logging output above.
26 verbose exit [ 1, true ]
